<?xml version="1.0" encoding="UTF-8"?>
<!-- Generated by org.testng.reporters.JUnitReportReporter -->
<testsuite skipped="0" hostname="DeepikaHPLaptop" name="test.IndexTest" tests="1" failures="0" timestamp="2022-08-19T10:22:52 EDT" time="3.996" errors="0">
  <testcase name="userShouldBeableToRemoveAllItemsWithtoggleAllAndRemoveButton" time="3.996" classname="test.IndexTest"/>
  <system-out/>
</testsuite> <!-- test.IndexTest -->
